apiDemos/build/outputs/logs/manifest-merger-debug-report.txt
-- Merging decision tree log ---
manifest
ADDED from src\main\AndroidManifest.xml:22:1-2783:12
	package
		ADDED from src\main\AndroidManifest.xml:23:5-39
		INJECTED from src\main\AndroidManifest.xml
		INJECTED from src\main\AndroidManifest.xml
	xmlns:android
		ADDED from src\main\AndroidManifest.xml:22:11-69
uses-permission#android.permission.READ_CONTACTS
ADDED from src\main\AndroidManifest.xml:25:5-72
	android:name
		ADDED from src\main\AndroidManifest.xml:25:22-69
uses-permission#android.permission.WRITE_CONTACTS
ADDED from src\main\AndroidManifest.xml:26:5-73
	android:name
		ADDED from src\main\AndroidManifest.xml:26:22-70
uses-permission#android.permission.VIBRATE
ADDED from src\main\AndroidManifest.xml:27:5-66
	android:name
		ADDED from src\main\AndroidManifest.xml:27:22-63
uses-permission#android.permission.ACCESS_COARSE_LOCATION
ADDED from src\main\AndroidManifest.xml:28:5-81
	android:name
		ADDED from src\main\AndroidManifest.xml:28:22-78
uses-permission#android.permission.INTERNET
ADDED from src\main\AndroidManifest.xml:29:5-67
	android:name
		ADDED from src\main\AndroidManifest.xml:29:22-64
uses-permission#android.permission.SET_WALLPAPER
ADDED from src\main\AndroidManifest.xml:30:5-72
	android:name
		ADDED from src\main\AndroidManifest.xml:30:22-69
uses-permission#android.permission.WRITE_EXTERNAL_STORAGE
ADDED from src\main\AndroidManifest.xml:31:5-81
	android:name
		ADDED from src\main\AndroidManifest.xml:31:22-78
uses-permission#android.permission.SEND_SMS
ADDED from src\main\AndroidManifest.xml:32:5-67
	android:name
		ADDED from src\main\AndroidManifest.xml:32:22-64
uses-permission#android.permission.RECEIVE_SMS
ADDED from src\main\AndroidManifest.xml:33:5-70
	android:name
		ADDED from src\main\AndroidManifest.xml:33:22-67
uses-permission#android.permission.NFC
ADDED from src\main\AndroidManifest.xml:34:5-62
	android:name
		ADDED from src\main\AndroidManifest.xml:34:22-59
uses-permission#android.permission.RECORD_AUDIO
ADDED from src\main\AndroidManifest.xml:37:5-71
	android:name
		ADDED from src\main\AndroidManifest.xml:37:22-68
uses-sdk
ADDED from src\main\AndroidManifest.xml:39:5-73
	android:targetSdkVersion
		ADDED from src\main\AndroidManifest.xml:39:41-70
		INJECTED from src\main\AndroidManifest.xml
		INJECTED from src\main\AndroidManifest.xml
	android:minSdkVersion
		ADDED from src\main\AndroidManifest.xml:39:15-40
		INJECTED from src\main\AndroidManifest.xml
		INJECTED from src\main\AndroidManifest.xml
uses-permission#android.permission.CAMERA
ADDED from src\main\AndroidManifest.xml:43:5-65
	android:name
		ADDED from src\main\AndroidManifest.xml:43:22-62
uses-feature#android.hardware.camera
ADDED from src\main\AndroidManifest.xml:44:5-60
	android:name
		ADDED from src\main\AndroidManifest.xml:44:19-57
uses-feature#android.hardware.camera.autofocus
ADDED from src\main\AndroidManifest.xml:45:5-95
	android:required
		ADDED from src\main\AndroidManifest.xml:45:68-92
	android:name
		ADDED from src\main\AndroidManifest.xml:45:19-67
application
ADDED from src\main\AndroidManifest.xml:47:5-2777:19
	android:label
		ADDED from src\main\AndroidManifest.xml:48:13-57
	android:hardwareAccelerated
		ADDED from src\main\AndroidManifest.xml:50:13-47
	android:icon
		ADDED from src\main\AndroidManifest.xml:49:13-53
	android:name
		ADDED from src\main\AndroidManifest.xml:47:18-52
uses-library#com.example.will.never.exist
ADDED from src\main\AndroidManifest.xml:54:9-94
	android:required
		ADDED from src\main\AndroidManifest.xml:54:67-91
	android:name
		ADDED from src\main\AndroidManifest.xml:54:23-66
activity#com.example.android.apis.ApiDemos
ADDED from src\main\AndroidManifest.xml:56:9-62:20
	android:name
		ADDED from src\main\AndroidManifest.xml:56:19-42
intent-filter#android.intent.action.MAIN+android.intent.category.DEFAULT+android.intent.category.LAUNCHER
ADDED from src\main\AndroidManifest.xml:57:13-61:29
action#android.intent.action.MAIN
ADDED from src\main\AndroidManifest.xml:58:17-69
	android:name
		ADDED from src\main\AndroidManifest.xml:58:25-66
category#android.intent.category.DEFAULT
ADDED from src\main\AndroidManifest.xml:59:17-76
	android:name
		ADDED from src\main\AndroidManifest.xml:59:27-73
category#android.intent.category.LAUNCHER
ADDED from src\main\AndroidManifest.xml:60:17-77
	android:name
		ADDED from src\main\AndroidManifest.xml:60:27-74
activity#com.example.android.apis.app.HelloWorld
ADDED from src\main\AndroidManifest.xml:70:9-75:20
	android:label
		ADDED from src\main\AndroidManifest.xml:70:50-94
	android:name
		ADDED from src\main\AndroidManifest.xml:70:19-49
intent-filter#android.intent.action.MAIN+android.intent.category.SAMPLE_CODE
ADDED from src\main\AndroidManifest.xml:71:13-74:29
category#android.intent.category.SAMPLE_CODE
ADDED from src\main\AndroidManifest.xml:73:17-80
	android:name
		ADDED from src\main\AndroidManifest.xml:73:27-77
activity#com.example.android.apis.app.DialogActivity
ADDED from src\main\AndroidManifest.xml:77:9-84:20
	android:label
		ADDED from src\main\AndroidManifest.xml:78:17-56
	android:theme
		ADDED from src\main\AndroidManifest.xml:79:17-65
	android:name
		ADDED from src\main\AndroidManifest.xml:77:19-53
activity#com.example.android.apis.app.CustomDialogActivity
ADDED from src\main\AndroidManifest.xml:86:9-93:20
	android:label
		ADDED from src\main\AndroidManifest.xml:87:17-63
	android:theme
		ADDED from src\main\AndroidManifest.xml:88:17-58
	android:name
		ADDED from src\main\AndroidManifest.xml:86:19-59
activity#com.example.android.apis.app.QuickContactsDemo
ADDED from src\main\AndroidManifest.xml:95:8-101:20
	android:label
		ADDED from src\main\AndroidManifest.xml:96:17-60
	android:name
		ADDED from src\main\AndroidManifest.xml:95:18-55
activity#com.example.android.apis.app.WallpaperActivity
ADDED from src\main\AndroidManifest.xml:103:9-110:20
	android:label
		ADDED from src\main\AndroidManifest.xml:104:17-59
	android:theme
		ADDED from src\main\AndroidManifest.xml:105:17-55
	android:name
		ADDED from src\main\AndroidManifest.xml:103:19-56
activity#com.example.android.apis.app.TranslucentActivity
ADDED from src\main\AndroidManifest.xml:112:9-119:20
	android:label
		ADDED from src\main\AndroidManifest.xml:113:17-61
	android:theme
		ADDED from src\main\AndroidManifest.xml:114:17-57
	android:name
		ADDED from src\main\AndroidManifest.xml:112:19-58
activity#com.example.android.apis.app.TranslucentBlurActivity
ADDED from src\main\AndroidManifest.xml:121:9-128:20
	android:label
		ADDED from src\main\AndroidManifest.xml:122:17-66
	android:theme
		ADDED from src\main\AndroidManifest.xml:123:17-57
	android:name
		ADDED from src\main\AndroidManifest.xml:121:19-62
activity#com.example.android.apis.app.Animation
ADDED from src\main\AndroidManifest.xml:130:9-135:20
	android:label
		ADDED from src\main\AndroidManifest.xml:130:49-91
	android:name
		ADDED from src\main\AndroidManifest.xml:130:19-48
activity#com.example.android.apis.app.SaveRestoreState
ADDED from src\main\AndroidManifest.xml:137:9-144:20
	android:label
		ADDED from src\main\AndroidManifest.xml:138:17-62
	android:windowSoftInputMode
		ADDED from src\main\AndroidManifest.xml:139:17-72
	android:name
		ADDED from src\main\AndroidManifest.xml:137:19-55
activity#com.example.android.apis.app.PersistentState
ADDED from src\main\AndroidManifest.xml:146:9-153:20
	android:label
		ADDED from src\main\AndroidManifest.xml:147:17-60
	android:windowSoftInputMode
		ADDED from src\main\AndroidManifest.xml:148:17-72
	android:name
		ADDED from src\main\AndroidManifest.xml:146:19-54
activity#com.example.android.apis.app.ActivityRecreate
ADDED from src\main\AndroidManifest.xml:155:9-162:20
	android:enabled
		ADDED from src\main\AndroidManifest.xml:157:17-57
	android:label
		ADDED from src\main\AndroidManifest.xml:156:17-58
	android:name
		ADDED from src\main\AndroidManifest.xml:155:19-55
activity#com.example.android.apis.app.FinishAffinity
ADDED from src\main\AndroidManifest.xml:164:9-172:20
	android:enabled
		ADDED from src\main\AndroidManifest.xml:167:17-57
	android:label
		ADDED from src\main\AndroidManifest.xml:165:17-65
	android:taskAffinity
		ADDED from src\main\AndroidManifest.xml:166:17-50
	android:name
		ADDED from src\main\AndroidManifest.xml:164:19-53
activity#com.example.android.apis.app.SoftInputModes
ADDED from src\main\AndroidManifest.xml:174:9-180:20
	android:label
		ADDED from src\main\AndroidManifest.xml:175:17-57
	android:name
		ADDED from src\main\AndroidManifest.xml:174:19-53
activity#com.example.android.apis.app.ReceiveResult
ADDED from src\main\AndroidManifest.xml:182:9-187:20
	android:label
		ADDED from src\main\AndroidManifest.xml:182:53-100
	android:name
		ADDED from src\main\AndroidManifest.xml:182:19-52
activity#com.example.android.apis.app.SendResult
ADDED from src\main\AndroidManifest.xml:189:9-191:20
	android:theme
		ADDED from src\main\AndroidManifest.xml:190:17-60
	android:name
		ADDED from src\main\AndroidManifest.xml:189:19-49
activity#com.example.android.apis.app.Forwarding
ADDED from src\main\AndroidManifest.xml:193:9-198:20
	android:label
		ADDED from src\main\AndroidManifest.xml:193:50-93
	android:name
		ADDED from src\main\AndroidManifest.xml:193:19-49
activity#com.example.android.apis.app.ForwardTarget
ADDED from src\main\AndroidManifest.xml:200:9-201:20
	android:name
		ADDED from src\main\AndroidManifest.xml:200:19-52
activity#com.example.android.apis.app.RedirectEnter
ADDED from src\main\AndroidManifest.xml:203:9-208:20
	android:label
		ADDED from src\main\AndroidManifest.xml:203:53-94
	android:name
		ADDED from src\main\AndroidManifest.xml:203:19-52
activity#com.example.android.apis.app.RedirectMain
ADDED from src\main\AndroidManifest.xml:210:9-211:20
	android:name
		ADDED from src\main\AndroidManifest.xml:210:19-51
activity#com.example.android.apis.app.RedirectGetter
ADDED from src\main\AndroidManifest.xml:213:9-214:20
	android:name
		ADDED from src\main\AndroidManifest.xml:213:19-53
activity#com.example.android.apis.app.CustomTitle
ADDED from src\main\AndroidManifest.xml:218:9-226:20
	android:label
		ADDED from src\main\AndroidManifest.xml:219:17-62
	android:windowSoftInputMode
		ADDED from src\main\AndroidManifest.xml:220:17-69
	android:theme
		ADDED from src\main\AndroidManifest.xml:221:17-53
	android:name
		ADDED from src\main\AndroidManifest.xml:218:19-50
activity#com.example.android.apis.app.ReorderOnLaunch
ADDED from src\main\AndroidManifest.xml:228:9-234:20
	android:label
		ADDED from src\main\AndroidManifest.xml:229:17-57
	android:name
		ADDED from src\main\AndroidManifest.xml:228:19-54
activity#com.example.android.apis.app.ReorderTwo
ADDED from src\main\AndroidManifest.xml:236:9-52
	android:name
		ADDED from src\main\AndroidManifest.xml:236:19-49
activity#com.example.android.apis.app.ReorderThree
ADDED from src\main\AndroidManifest.xml:237:9-54
	android:name
		ADDED from src\main\AndroidManifest.xml:237:19-51
activity#com.example.android.apis.app.ReorderFour
ADDED from src\main\AndroidManifest.xml:238:9-53
	android:name
		ADDED from src\main\AndroidManifest.xml:238:19-50
activity#com.example.android.apis.app.SetWallpaperActivity
ADDED from src\main\AndroidManifest.xml:240:9-246:20
	android:label
		ADDED from src\main\AndroidManifest.xml:241:19-64
	android:name
		ADDED from src\main\AndroidManifest.xml:240:19-59
activity#com.example.android.apis.app.ScreenOrientation
ADDED from src\main\AndroidManifest.xml:248:9-254:20
	android:label
		ADDED from src\main\AndroidManifest.xml:249:19-70
	android:name
		ADDED from src\main\AndroidManifest.xml:248:19-56
activity#com.example.android.apis.app.FragmentAlertDialog
ADDED from src\main\AndroidManifest.xml:258:9-265:20
	android:enabled
		ADDED from src\main\AndroidManifest.xml:260:17-57
	android:label
		ADDED from src\main\AndroidManifest.xml:259:17-62
	android:name
		ADDED from src\main\AndroidManifest.xml:258:19-58
activity#com.example.android.apis.app.FragmentArguments
ADDED from src\main\AndroidManifest.xml:267:9-274:20
	android:enabled
		ADDED from src\main\AndroidManifest.xml:269:17-57
	android:label
		ADDED from src\main\AndroidManifest.xml:268:17-59
	android:name
		ADDED from src\main\AndroidManifest.xml:267:19-56
activity#com.example.android.apis.app.FragmentCustomAnimations
ADDED from src\main\AndroidManifest.xml:276:9-283:20
	android:enabled
		ADDED from src\main\AndroidManifest.xml:278:17-60
	android:label
		ADDED from src\main\AndroidManifest.xml:277:17-67
	android:name
		ADDED from src\main\AndroidManifest.xml:276:19-63
activity#com.example.android.apis.app.FragmentHideShow
ADDED from src\main\AndroidManifest.xml:285:9-293:20
	android:enabled
		ADDED from src\main\AndroidManifest.xml:288:17-57
	android:label
		ADDED from src\main\AndroidManifest.xml:286:17-59
	android:windowSoftInputMode
		ADDED from src\main\AndroidManifest.xml:287:17-61
	android:name
		ADDED from src\main\AndroidManifest.xml:285:19-55
activity#com.example.android.apis.app.FragmentContextMenu
ADDED from src\main\AndroidManifest.xml:295:9-302:20
	android:enabled
		ADDED from src\main\AndroidManifest.xml:297:17-57
	android:label
		ADDED from src\main\AndroidManifest.xml:296:17-62
	android:name
		ADDED from src\main\AndroidManifest.xml:295:19-58
activity#com.example.android.apis.app.FragmentDialog
ADDED from src\main\AndroidManifest.xml:304:9-311:20
	android:enabled
		ADDED from src\main\AndroidManifest.xml:306:17-57
	android:label
		ADDED from src\main\AndroidManifest.xml:305:17-56
	android:name
		ADDED from src\main\AndroidManifest.xml:304:19-53
activity#com.example.android.apis.app.FragmentDialogOrActivity
ADDED from src\main\AndroidManifest.xml:313:9-320:20
	android:enabled
		ADDED from src\main\AndroidManifest.xml:315:17-57
	android:label
		ADDED from src\main\AndroidManifest.xml:314:17-68
	android:name
		ADDED from src\main\AndroidManifest.xml:313:19-63
activity#com.example.android.apis.app.FragmentLayout
ADDED from src\main\AndroidManifest.xml:322:9-329:20
	android:enabled
		ADDED from src\main\AndroidManifest.xml:324:17-57
	android:label
		ADDED from src\main\AndroidManifest.xml:323:17-56
	android:name
		ADDED from src\main\AndroidManifest.xml:322:19-53
activity#com.example.android.apis.app.FragmentLayout$DetailsActivity
ADDED from src\main\AndroidManifest.xml:331:9-332:60
	android:enabled
		ADDED from src\main\AndroidManifest.xml:332:17-57
	android:name
		ADDED from src\main\AndroidManifest.xml:331:19-69
activity#com.example.android.apis.app.FragmentListArray
ADDED from src\main\AndroidManifest.xml:334:9-341:20
	android:enabled
		ADDED from src\main\AndroidManifest.xml:336:17-57
	android:label
		ADDED from src\main\AndroidManifest.xml:335:17-60
	android:name
		ADDED from src\main\AndroidManifest.xml:334:19-56
activity#com.example.android.apis.app.FragmentMenu
ADDED from src\main\AndroidManifest.xml:343:9-350:20
	android:enabled
		ADDED from src\main\AndroidManifest.xml:345:17-57
	android:label
		ADDED from src\main\AndroidManifest.xml:344:17-54
	android:name
		ADDED from src\main\AndroidManifest.xml:343:19-51
activity#com.example.android.apis.app.FragmentRetainInstance
ADDED from src\main\AndroidManifest.xml:352:9-359:20
	android:enabled
		ADDED from src\main\AndroidManifest.xml:354:17-57
	android:label
		ADDED from src\main\AndroidManifest.xml:353:17-65
	android:name
		ADDED from src\main\AndroidManifest.xml:352:19-61
activity#com.example.android.apis.app.FragmentReceiveResult
ADDED from src\main\AndroidManifest.xml:361:9-368:20
	android:enabled
		ADDED from src\main\AndroidManifest.xml:363:17-57
	android:label
		ADDED from src\main\AndroidManifest.xml:362:17-64
	android:name
		ADDED from src\main\AndroidManifest.xml:361:19-60
activity#com.example.android.apis.app.FragmentStack
ADDED from src\main\AndroidManifest.xml:370:9-377:20
	android:enabled
		ADDED from src\main\AndroidManifest.xml:372:17-57
	android:label
		ADDED from src\main\AndroidManifest.xml:371:17-55
	android:name
		ADDED from src\main\AndroidManifest.xml:370:19-52
activity#com.example.android.apis.app.FragmentTabs
ADDED from src\main\AndroidManifest.xml:379:9-386:20
	android:enabled
		ADDED from src\main\AndroidManifest.xml:381:17-57
	android:label
		ADDED from src\main\AndroidManifest.xml:380:17-54
	android:name
		ADDED from src\main\AndroidManifest.xml:379:19-51
activity#com.example.android.apis.app.LoaderCursor
ADDED from src\main\AndroidManifest.xml:390:9-397:20
	android:enabled
		ADDED from src\main\AndroidManifest.xml:392:17-57
	android:label
		ADDED from src\main\AndroidManifest.xml:391:17-54
	android:name
		ADDED from src\main\AndroidManifest.xml:390:19-51
activity#com.example.android.apis.app.LoaderCustom
ADDED from src\main\AndroidManifest.xml:399:9-406:20
	android:enabled
		ADDED from src\main\AndroidManifest.xml:401:17-57
	android:label
		ADDED from src\main\AndroidManifest.xml:400:17-54
	android:name
		ADDED from src\main\AndroidManifest.xml:399:19-51
activity#com.example.android.apis.app.LoaderThrottle
ADDED from src\main\AndroidManifest.xml:409:9-416:20
	android:enabled
		ADDED from src\main\AndroidManifest.xml:411:17-57
	android:label
		ADDED from src\main\AndroidManifest.xml:410:17-56
	android:name
		ADDED from src\main\AndroidManifest.xml:409:19-53
provider#com.example.android.apis.app.LoaderThrottle$SimpleProvider
ADDED from src\main\AndroidManifest.xml:417:9-419:62
	android:authorities
		ADDED from src\main\AndroidManifest.xml:418:19-84
	android:enabled
		ADDED from src\main\AndroidManifest.xml:419:19-59
	android:name
		ADDED from src\main\AndroidManifest.xml:417:19-68
activity#com.example.android.apis.app.LoaderRetained
ADDED from src\main\AndroidManifest.xml:422:9-429:20
	android:enabled
		ADDED from src\main\AndroidManifest.xml:424:17-57
	android:label
		ADDED from src\main\AndroidManifest.xml:423:17-56
	android:name
		ADDED from src\main\AndroidManifest.xml:422:19-53
activity#com.example.android.apis.app.Intents
ADDED from src\main\AndroidManifest.xml:433:9-438:20
	android:label
		ADDED from src\main\AndroidManifest.xml:433:47-87
	android:name
		ADDED from src\main\AndroidManifest.xml:433:19-46
activity#com.example.android.apis.app.IntentActivityFlags
ADDED from src\main\AndroidManifest.xml:440:9-446:20
	android:label
		ADDED from src\main\AndroidManifest.xml:441:17-71
	android:name
		ADDED from src\main\AndroidManifest.xml:440:19-58
service#com.example.android.apis.app.LocalService
ADDED from src\main\AndroidManifest.xml:450:9-81
	android:stopWithTask
		ADDED from src\main\AndroidManifest.xml:450:51-78
	android:name
		ADDED from src\main\AndroidManifest.xml:450:18-50
activity#com.example.android.apis.app.LocalServiceActivities$Controller
ADDED from src\main\AndroidManifest.xml:452:9-459:20
	android:label
		ADDED from src\main\AndroidManifest.xml:453:17-74
	android:launchMode
		ADDED from src\main\AndroidManifest.xml:454:17-47
	android:name
		ADDED from src\main\AndroidManifest.xml:452:19-72
activity#com.example.android.apis.app.LocalServiceActivities$Binding
ADDED from src\main\AndroidManifest.xml:461:9-467:20
	android:label
		ADDED from src\main\AndroidManifest.xml:462:17-71
	android:name
		ADDED from src\main\AndroidManifest.xml:461:19-69
service#com.example.android.apis.app.MessengerService
ADDED from src\main\AndroidManifest.xml:470:9-471:45
	android:process
		ADDED from src\main\AndroidManifest.xml:471:17-42
	android:name
		ADDED from src\main\AndroidManifest.xml:470:18-54
activity#com.example.android.apis.app.MessengerServiceActivities$Binding
ADDED from src\main\AndroidManifest.xml:474:9-480:20
	android:label
		ADDED from src\main\AndroidManifest.xml:475:17-75
	android:name
		ADDED from src\main\AndroidManifest.xml:474:19-73
service#com.example.android.apis.app.RemoteService
ADDED from src\main\AndroidManifest.xml:482:9-492:19
	android:process
		ADDED from src\main\AndroidManifest.xml:482:52-77
	android:name
		ADDED from src\main\AndroidManifest.xml:482:18-51
intent-filter#com.example.android.apis.app.IRemoteService+com.example.android.apis.app.ISecondary+com.example.android.apis.app.REMOTE_SERVICE
ADDED from src\main\AndroidManifest.xml:483:13-491:29
action#com.example.android.apis.app.IRemoteService
ADDED from src\main\AndroidManifest.xml:486:17-86
	android:name
		ADDED from src\main\AndroidManifest.xml:486:25-83
action#com.example.android.apis.app.ISecondary
ADDED from src\main\AndroidManifest.xml:487:17-82
	android:name
		ADDED from src\main\AndroidManifest.xml:487:25-79
action#com.example.android.apis.app.REMOTE_SERVICE
ADDED from src\main\AndroidManifest.xml:490:17-86
	android:name
		ADDED from src\main\AndroidManifest.xml:490:25-83
activity#com.example.android.apis.app.RemoteService$Controller
ADDED from src\main\AndroidManifest.xml:494:9-501:20
	android:label
		ADDED from src\main\AndroidManifest.xml:495:17-75
	android:launchMode
		ADDED from src\main\AndroidManifest.xml:496:17-47
	android:name
		ADDED from src\main\AndroidManifest.xml:494:19-63
activity#com.example.android.apis.app.RemoteService$Binding
ADDED from src\main\AndroidManifest.xml:503:9-509:20
	android:label
		ADDED from src\main\AndroidManifest.xml:504:17-72
	android:name
		ADDED from src\main\AndroidManifest.xml:503:19-60
activity#com.example.android.apis.app.RemoteService$BindingOptions
ADDED from src\main\AndroidManifest.xml:511:9-517:20
	android:label
		ADDED from src\main\AndroidManifest.xml:512:17-80
	android:name
		ADDED from src\main\AndroidManifest.xml:511:19-67
service#com.example.android.apis.app.ServiceStartArguments
ADDED from src\main\AndroidManifest.xml:519:9-62
	android:name
		ADDED from src\main\AndroidManifest.xml:519:18-59
activity#com.example.android.apis.app.ServiceStartArguments$Controller
ADDED from src\main\AndroidManifest.xml:521:9-528:20
	android:label
		ADDED from src\main\AndroidManifest.xml:522:17-84
	android:launchMode
		ADDED from src\main\AndroidManifest.xml:523:17-47
	android:name
		ADDED from src\main\AndroidManifest.xml:521:19-71
service#com.example.android.apis.app.ForegroundService
ADDED from src\main\AndroidManifest.xml:530:9-58
	android:name
		ADDED from src\main\AndroidManifest.xml:530:18-55
activity#com.example.android.apis.app.ForegroundService$Controller
ADDED from src\main\AndroidManifest.xml:532:9-539:20
	android:label
		ADDED from src\main\AndroidManifest.xml:533:17-79
	android:launchMode
		ADDED from src\main\AndroidManifest.xml:534:17-47
	android:name
		ADDED from src\main\AndroidManifest.xml:532:19-67
activity#com.example.android.apis.app.IsolatedService$Controller
ADDED from src\main\AndroidManifest.xml:541:9-549:20
	android:enabled
		ADDED from src\main\AndroidManifest.xml:544:17-57
	android:label
		ADDED from src\main\AndroidManifest.xml:542:17-77
	android:launchMode
		ADDED from src\main\AndroidManifest.xml:543:17-47
	android:name
		ADDED from src\main\AndroidManifest.xml:541:19-65
service#com.example.android.apis.app.IsolatedService
ADDED from src\main\AndroidManifest.xml:551:9-552:60
	android:enabled
		ADDED from src\main\AndroidManifest.xml:552:17-57
	android:isolatedProcess
		ADDED from src\main\AndroidManifest.xml:551:54-84
	android:name
		ADDED from src\main\AndroidManifest.xml:551:18-53
service#com.example.android.apis.app.IsolatedService2
ADDED from src\main\AndroidManifest.xml:553:9-554:60
	android:enabled
		ADDED from src\main\AndroidManifest.xml:554:17-57
	android:isolatedProcess
		ADDED from src\main\AndroidManifest.xml:553:55-85
	android:name
		ADDED from src\main\AndroidManifest.xml:553:18-54
receiver#com.example.android.apis.app.OneShotAlarm
ADDED from src\main\AndroidManifest.xml:558:9-80
	android:process
		ADDED from src\main\AndroidManifest.xml:558:52-77
	android:name
		ADDED from src\main\AndroidManifest.xml:558:19-51
receiver#com.example.android.apis.app.RepeatingAlarm
ADDED from src\main\AndroidManifest.xml:560:9-82
	android:process
		ADDED from src\main\AndroidManifest.xml:560:54-79
	android:name
		ADDED from src\main\AndroidManifest.xml:560:19-53
activity#com.example.android.apis.app.AlarmController
ADDED from src\main\AndroidManifest.xml:562:9-567:20
	android:label
		ADDED from src\main\AndroidManifest.xml:562:55-104
	android:name
		ADDED from src\main\AndroidManifest.xml:562:19-54
service#com.example.android.apis.app.AlarmService_Service
ADDED from src\main\AndroidManifest.xml:569:9-87
	android:process
		ADDED from src\main\AndroidManifest.xml:569:59-84
	android:name
		ADDED from src\main\AndroidManifest.xml:569:18-58
activity#com.example.android.apis.app.AlarmService
ADDED from src\main\AndroidManifest.xml:571:9-576:20
	android:label
		ADDED from src\main\AndroidManifest.xml:571:52-98
	android:name
		ADDED from src\main\AndroidManifest.xml:571:19-51
activity#com.example.android.apis.accessibility.ClockBackActivity
ADDED from src\main\AndroidManifest.xml:582:9-588:20
	android:label
		ADDED from src\main\AndroidManifest.xml:583:13-58
	android:name
		ADDED from src\main\AndroidManifest.xml:582:19-66
service#com.example.android.apis.accessibility.ClockBackService
ADDED from src\main\AndroidManifest.xml:590:9-596:19
	android:label
		ADDED from src\main\AndroidManifest.xml:591:13-64
	android:permission
		ADDED from src\main\AndroidManifest.xml:592:13-79
	android:name
		ADDED from src\main\AndroidManifest.xml:590:18-64
intent-filter#android.accessibilityservice.AccessibilityService
ADDED from src\main\AndroidManifest.xml:593:13-595:29
action#android.accessibilityservice.AccessibilityService
ADDED from src\main\AndroidManifest.xml:594:17-92
	android:name
		ADDED from src\main\AndroidManifest.xml:594:25-89
activity#com.example.android.apis.accessibility.TaskListActivity
ADDED from src\main\AndroidManifest.xml:598:9-605:20
	android:enabled
		ADDED from src\main\AndroidManifest.xml:600:19-66
	android:label
		ADDED from src\main\AndroidManifest.xml:599:19-69
	android:name
		ADDED from src\main\AndroidManifest.xml:598:19-65
service#com.example.android.apis.accessibility.TaskBackService
ADDED from src\main\AndroidManifest.xml:607:9-617:19
	android:enabled
		ADDED from src\main\AndroidManifest.xml:609:18-65
	android:label
		ADDED from src\main\AndroidManifest.xml:608:18-74
	android:permission
		ADDED from src\main\AndroidManifest.xml:610:18-84
	android:name
		ADDED from src\main\AndroidManifest.xml:607:18-63
meta-data#android.accessibilityservice
ADDED from src\main\AndroidManifest.xml:614:13-616:58
	android:resource
		ADDED from src\main\AndroidManifest.xml:616:17-55
	android:name
		ADDED from src\main\AndroidManifest.xml:615:17-60
activity#com.example.android.apis.accessibility.CustomViewAccessibilityActivity
ADDED from src\main\AndroidManifest.xml:619:9-626:20
	android:enabled
		ADDED from src\main\AndroidManifest.xml:621:19-66
	android:label
		ADDED from src\main\AndroidManifest.xml:620:19-68
	android:name
		ADDED from src\main\AndroidManifest.xml:619:19-80
activity#com.example.android.apis.app.LocalSample
ADDED from src\main\AndroidManifest.xml:630:9-635:20
	android:label
		ADDED from src\main\AndroidManifest.xml:630:51-96
	android:name
		ADDED from src\main\AndroidManifest.xml:630:19-50
intent-filter#android.intent.action.MAIN
ADDED from src\main\AndroidManifest.xml:631:13-634:29
activity#com.example.android.apis.app.ContactsFilter
ADDED from src\main\AndroidManifest.xml:637:9-642:20
	android:label
		ADDED from src\main\AndroidManifest.xml:637:54-102
	android:name
		ADDED from src\main\AndroidManifest.xml:637:19-53
activity#com.example.android.apis.app.NotifyWithText
ADDED from src\main\AndroidManifest.xml:647:9-652:20
	android:label
		ADDED from src\main\AndroidManifest.xml:647:54-101
	android:name
		ADDED from src\main\AndroidManifest.xml:647:19-53
activity#com.example.android.apis.app.IncomingMessage
ADDED from src\main\AndroidManifest.xml:654:9-660:20
	android:label
		ADDED from src\main\AndroidManifest.xml:655:17-65
	android:name
		ADDED from src\main\AndroidManifest.xml:654:19-54
activity#com.example.android.apis.app.IncomingMessageView
ADDED from src\main\AndroidManifest.xml:662:9-664:20
	android:label
		ADDED from src\main\AndroidManifest.xml:663:17-69
	android:name
		ADDED from src\main\AndroidManifest.xml:662:19-58
activity#com.example.android.apis.app.IncomingMessageInterstitial
ADDED from src\main\AndroidManifest.xml:667:9-673:20
	android:label
		ADDED from src\main\AndroidManifest.xml:668:17-50
	android:excludeFromRecents
		ADDED from src\main\AndroidManifest.xml:672:17-50
	android:launchMode
		ADDED from src\main\AndroidManifest.xml:670:17-48
	android:theme
		ADDED from src\main\AndroidManifest.xml:669:17-55
	android:taskAffinity
		ADDED from src\main\AndroidManifest.xml:671:17-40
	android:name
		ADDED from src\main\AndroidManifest.xml:667:19-66
activity#com.example.android.apis.app.NotificationDisplay
ADDED from src\main\AndroidManifest.xml:680:9-685:20
	android:excludeFromRecents
		ADDED from src\main\AndroidManifest.xml:683:17-50
	android:noHistory
		ADDED from src\main\AndroidManifest.xml:684:17-41
	android:theme
		ADDED from src\main\AndroidManifest.xml:681:17-57
	android:taskAffinity
		ADDED from src\main\AndroidManifest.xml:682:17-40
	android:name
		ADDED from src\main\AndroidManifest.xml:680:19-58
activity#com.example.android.apis.app.StatusBarNotifications
ADDED from src\main\AndroidManifest.xml:687:9-694:20
	android:label
		ADDED from src\main\AndroidManifest.xml:688:17-60
	android:launchMode
		ADDED from src\main\AndroidManifest.xml:689:17-47
	android:name
		ADDED from src\main\AndroidManifest.xml:687:19-61
service#com.example.android.apis.app.NotifyingService
ADDED from src\main\AndroidManifest.xml:696:9-57
	android:name
		ADDED from src\main\AndroidManifest.xml:696:18-54
activity#com.example.android.apis.app.NotifyingController
ADDED from src\main\AndroidManifest.xml:698:9-703:20
	android:label
		ADDED from src\main\AndroidManifest.xml:698:59-120
	android:name
		ADDED from src\main\AndroidManifest.xml:698:19-58
activity#com.example.android.apis.app.AlertDialogSamples
ADDED from src\main\AndroidManifest.xml:706:9-711:20
	android:label
		ADDED from src\main\AndroidManifest.xml:706:58-103
	android:name
		ADDED from src\main\AndroidManifest.xml:706:19-57